<?xml version="1.0" encoding="UTF-8"?>
<!-- Generated by org.testng.reporters.JUnitXMLReporter -->
<testsuite hostname="LAPTOP-EUBP25UQ" ignored="0" name="Default test" tests="3" failures="0" timestamp="2022-12-13T22:09:56 IST" time="10.66" errors="0">
  <testcase name="urlTest" time="0.02" classname="test.SearchProductTest"/>
  <testcase name="logoTest" time="0.092" classname="test.SearchProductTest"/>
  <testcase name="searchProduct" time="4.107" classname="test.SearchProductTest"/>
</testsuite> <!-- Default test -->
