<?xml version="1.0" encoding="UTF-8"?>
<testng-results skipped="0" failed="0" ignored="0" total="3" passed="3">
  <reporter-output>
  </reporter-output>
  <suite name="Default suite" duration-ms="10660" started-at="2022-12-13T22:09:45 IST" finished-at="2022-12-13T22:09:56 IST">
    <groups>
    </groups>
    <test name="Default test" duration-ms="10660" started-at="2022-12-13T22:09:45 IST" finished-at="2022-12-13T22:09:56 IST">
      <class name="test.SearchProductTest">
        <test-method status="PASS" signature="launchApplication()[pri:0, instance:test.SearchProductTest@3cc1435c]" name="launchApplication" is-config="true" duration-ms="5558" started-at="2022-12-13T22:09:45 IST" finished-at="2022-12-13T22:09:51 IST">
          <reporter-output>
          </reporter-output>
        </test-method> <!-- launchApplication -->
        <test-method status="PASS" signature="urlTest()[pri:1, instance:test.SearchProductTest@3cc1435c]" name="urlTest" duration-ms="20" started-at="2022-12-13T22:09:51 IST" finished-at="2022-12-13T22:09:51 IST">
          <reporter-output>
          </reporter-output>
        </test-method> <!-- urlTest -->
        <test-method status="PASS" signature="logoTest()[pri:2, instance:test.SearchProductTest@3cc1435c]" name="logoTest" duration-ms="92" started-at="2022-12-13T22:09:51 IST" finished-at="2022-12-13T22:09:51 IST">
          <reporter-output>
          </reporter-output>
        </test-method> <!-- logoTest -->
        <test-method status="PASS" signature="searchProduct()[pri:3, instance:test.SearchProductTest@3cc1435c]" name="searchProduct" duration-ms="4107" started-at="2022-12-13T22:09:51 IST" finished-at="2022-12-13T22:09:55 IST">
          <reporter-output>
          </reporter-output>
        </test-method> <!-- searchProduct -->
        <test-method status="PASS" signature="closeApplication()[pri:0, instance:test.SearchProductTest@3cc1435c]" name="closeApplication" is-config="true" duration-ms="826" started-at="2022-12-13T22:09:55 IST" finished-at="2022-12-13T22:09:56 IST">
          <reporter-output>
          </reporter-output>
        </test-method> <!-- closeApplication -->
      </class> <!-- test.SearchProductTest -->
    </test> <!-- Default test -->
  </suite> <!-- Default suite -->
</testng-results>
